<?xml version="1.0" encoding="UTF-8"?>
<!-- Generated by org.testng.reporters.JUnitReportReporter -->
<testsuite hostname="X22NEN685GBPGOJ" name="example1.TestNGLearn1" tests="2" failures="0" timestamp="24 Jun 2015 02:22:54 GMT" time="0.002" errors="0">
  <testcase name="Test2" time="0.001" classname="example1.TestNGLearn1"/>
  <testcase name="Test1" time="0.001" classname="example1.TestNGLearn1"/>
</testsuite> <!-- example1.TestNGLearn1 -->
