<?xml version="1.0" encoding="UTF-8"?>
<!-- Generated by org.testng.reporters.JUnitReportReporter -->
<testsuite hostname="X22NEN685GBPGOJ" name="example1.SimpleTest" tests="2" failures="0" timestamp="24 Jun 2015 02:22:54 GMT" time="0.007" errors="0">
  <testcase name="aFastTest" time="0.005" classname="example1.SimpleTest"/>
  <testcase name="aSlowTest" time="0.002" classname="example1.SimpleTest"/>
</testsuite> <!-- example1.SimpleTest -->
